{
  "stats": {
    "suites": 10,
    "tests": 15,
    "passes": 15,
    "pending": 0,
    "failures": 0,
    "start": "2019-07-21T09:13:25.068Z",
    "end": "2019-07-21T09:13:37.126Z",
    "duration": 12058,
    "testsRegistered": 15,
    "passPercent": 100,
    "pendingPercent": 0,
    "other": 0,
    "hasOther": false,
    "skipped": 0,
    "hasSkipped": false
  },
  "results": [
    {
      "uuid": "bce21fd3-e98d-43a4-a37d-4d9324f0493b",
      "title": "",
      "fullFile": "",
      "file": "",
      "beforeHooks": [],
      "afterHooks": [],
      "tests": [],
      "suites": [
        {
          "uuid": "28536ed3-3cc1-4ad3-8c85-c77a6aeafafa",
          "title": "CloudConformity API Test for DELETE  ... ",
          "fullFile": "C:\\Development\\cc\\ccnew\\CloudConformityApiTests\\test\\DeleteChecks.js",
          "file": "\\test\\DeleteChecks.js",
          "beforeHooks": [],
          "afterHooks": [],
          "tests": [],
          "suites": [
            {
              "uuid": "e2a0d649-2d98-477b-be6d-a66a3d04ccf2",
              "title": "DELETE Request",
              "fullFile": "C:\\Development\\cc\\ccnew\\CloudConformityApiTests\\test\\DeleteChecks.js",
              "file": "\\test\\DeleteChecks.js",
              "beforeHooks": [
                {
                  "title": "\"before all\" hook",
                  "fullTitle": "CloudConformity API Test for DELETE  ...  DELETE Request \"before all\" hook",
                  "timedOut": false,
                  "duration": 1699,
                  "state": null,
                  "speed": null,
                  "pass": false,
                  "fail": false,
                  "pending": false,
                  "context": null,
                  "code": "let endPoint = '/v1/checks'; \nresponseData = await apiHelper.sendPOSTRequest(apiEndPointHelper.baseUrl, endPoint, createCheckPayload);     \nexpect(responseData.status).to.equal(200);  \ncheckId= JSON.parse(responseData.text).data[0].id;   \nexpect(responseData.body.data[0].id).to.not.equal(null);  \nexpect(responseData.body.data[0].type).to.not.equal(null); \nexpect(responseData.body.data[0].attributes.region).to.not.equal(null); \nexpect(responseData.body.data[0].attributes.resource).to.not.equal(null);",
                  "err": {},
                  "uuid": "704dad7d-ca6c-4f27-95b1-4f3d25e87c8b",
                  "parentUUID": "e2a0d649-2d98-477b-be6d-a66a3d04ccf2",
                  "isHook": true,
                  "skipped": false
                }
              ],
              "afterHooks": [],
              "tests": [
                {
                  "title": "Verify that check is successfully created for deletion",
                  "fullTitle": "CloudConformity API Test for DELETE  ...  DELETE Request Verify that check is successfully created for deletion",
                  "timedOut": false,
                  "duration": 710,
                  "state": "passed",
                  "speed": "slow",
                  "pass": true,
                  "fail": false,
                  "pending": false,
                  "context": null,
                  "code": "while(responseData != null){\n  let endPoint = '/v1/checks/'+ checkId;\n  let res = await apiHelper.sendDELETERequest(apiEndPointHelper.baseUrl, endPoint);\n  expect(res.status).to.equal(200);\n  expect(res.body.meta[0].message).equals('Check successfully deleted');\n  deleted=true;\nbreak;\n         }",
                  "err": {},
                  "uuid": "db4dfb6b-6c1f-4356-a394-76efedd478f2",
                  "parentUUID": "e2a0d649-2d98-477b-be6d-a66a3d04ccf2",
                  "isHook": false,
                  "skipped": false
                },
                {
                  "title": "Verify that check has been delete successfuly",
                  "fullTitle": "CloudConformity API Test for DELETE  ...  DELETE Request Verify that check has been delete successfuly",
                  "timedOut": false,
                  "duration": 352,
                  "state": "passed",
                  "speed": "slow",
                  "pass": true,
                  "fail": false,
                  "pending": false,
                  "context": null,
                  "code": "while(deleted){\n    let endPoint = '/v1/checks/'+ checkId;\n    responseData=  await apiHelper.sendGETRequest(apiEndPointHelper.baseUrl,endPoint);\n    expect(responseData.status).to.equal(401); // check with CC if valid response code.\n    break;\n    }",
                  "err": {},
                  "uuid": "ebc0941d-fea7-4d10-ad69-6d051095e238",
                  "parentUUID": "e2a0d649-2d98-477b-be6d-a66a3d04ccf2",
                  "isHook": false,
                  "skipped": false
                }
              ],
              "suites": [],
              "passes": [
                "db4dfb6b-6c1f-4356-a394-76efedd478f2",
                "ebc0941d-fea7-4d10-ad69-6d051095e238"
              ],
              "failures": [],
              "pending": [],
              "skipped": [],
              "duration": 1062,
              "root": false,
              "rootEmpty": false,
              "_timeout": 15000
            }
          ],
          "passes": [],
          "failures": [],
          "pending": [],
          "skipped": [],
          "duration": 0,
          "root": false,
          "rootEmpty": false,
          "_timeout": 15000
        },
        {
          "uuid": "e721cad7-6f19-495f-8338-3532bc9437e5",
          "title": "CloudConformity API Test for GET  ... ",
          "fullFile": "C:\\Development\\cc\\ccnew\\CloudConformityApiTests\\test\\GetChecksList.js",
          "file": "\\test\\GetChecksList.js",
          "beforeHooks": [],
          "afterHooks": [],
          "tests": [],
          "suites": [
            {
              "uuid": "f67ae48f-928b-464c-b6f1-769f6fc42541",
              "title": "Get multiple checks ..",
              "fullFile": "C:\\Development\\cc\\ccnew\\CloudConformityApiTests\\test\\GetChecksList.js",
              "file": "\\test\\GetChecksList.js",
              "beforeHooks": [],
              "afterHooks": [],
              "tests": [
                {
                  "title": "User gets list of all checks",
                  "fullTitle": "CloudConformity API Test for GET  ...  Get multiple checks .. User gets list of all checks",
                  "timedOut": false,
                  "duration": 769,
                  "state": "passed",
                  "speed": "slow",
                  "pass": true,
                  "fail": false,
                  "pending": false,
                  "context": null,
                  "code": "let endPoint = '/v1/checks?page\\[size\\]='+testData.pageSize+ '&page\\[number\\]='+testData.pageNumber+ '&accountIds='+testData.accountIds+ '';\n\nlet responseData=  await apiHelper.sendGETRequest(apiEndPointHelper.baseUrl,endPoint);\nexpect(responseData.status).to.equal(200);\nexpect(responseData.body.data.length).greaterThan(1);",
                  "err": {},
                  "uuid": "d940bc5b-2e2a-4855-bb83-7ab92e157046",
                  "parentUUID": "f67ae48f-928b-464c-b6f1-769f6fc42541",
                  "isHook": false,
                  "skipped": false
                }
              ],
              "suites": [],
              "passes": [
                "d940bc5b-2e2a-4855-bb83-7ab92e157046"
              ],
              "failures": [],
              "pending": [],
              "skipped": [],
              "duration": 769,
              "root": false,
              "rootEmpty": false,
              "_timeout": 15000
            },
            {
              "uuid": "e63dd948-4df7-4e5a-b2c6-d920ca451864",
              "title": "Get single check ..",
              "fullFile": "C:\\Development\\cc\\ccnew\\CloudConformityApiTests\\test\\GetChecksList.js",
              "file": "\\test\\GetChecksList.js",
              "beforeHooks": [],
              "afterHooks": [],
              "tests": [
                {
                  "title": "User gets list of all checks",
                  "fullTitle": "CloudConformity API Test for GET  ...  Get single check .. User gets list of all checks",
                  "timedOut": false,
                  "duration": 419,
                  "state": "passed",
                  "speed": "slow",
                  "pass": true,
                  "fail": false,
                  "pending": false,
                  "context": null,
                  "code": "let endPoint = '/v1/checks/'+ 'ccc:oCx-oDsB5:CUSTOM-001:EC2:us-west-2:sg-956d00ea';\nlet responseData=  await apiHelper.sendGETRequest(apiEndPointHelper.baseUrl,endPoint);\nexpect(responseData.status).to.equal(200);   \nexpect(responseData.body.data.id).to.not.equal(null);  \nexpect(responseData.body.data.type).to.not.equal(null); \nexpect(responseData.body.data.attributes.region).to.not.equal(null); \nexpect(responseData.body.data.attributes.resource).to.not.equal(null);",
                  "err": {},
                  "uuid": "49242a49-1d45-4137-9d6a-ec991696d13a",
                  "parentUUID": "e63dd948-4df7-4e5a-b2c6-d920ca451864",
                  "isHook": false,
                  "skipped": false
                }
              ],
              "suites": [],
              "passes": [
                "49242a49-1d45-4137-9d6a-ec991696d13a"
              ],
              "failures": [],
              "pending": [],
              "skipped": [],
              "duration": 419,
              "root": false,
              "rootEmpty": false,
              "_timeout": 15000
            }
          ],
          "passes": [],
          "failures": [],
          "pending": [],
          "skipped": [],
          "duration": 0,
          "root": false,
          "rootEmpty": false,
          "_timeout": 15000
        },
        {
          "uuid": "b3a3c0ef-19db-4c89-88e0-2199bb00cfd8",
          "title": "CloudConformity API Test for POST  ... ",
          "fullFile": "C:\\Development\\cc\\ccnew\\CloudConformityApiTests\\test\\PostChecks.js",
          "file": "\\test\\PostChecks.js",
          "beforeHooks": [],
          "afterHooks": [],
          "tests": [],
          "suites": [
            {
              "uuid": "c254cee0-9ca6-43ef-be17-cab39d0d4622",
              "title": "Create Checks Request Successfully",
              "fullFile": "C:\\Development\\cc\\ccnew\\CloudConformityApiTests\\test\\PostChecks.js",
              "file": "\\test\\PostChecks.js",
              "beforeHooks": [
                {
                  "title": "\"before all\" hook",
                  "fullTitle": "CloudConformity API Test for POST  ...  Create Checks Request Successfully \"before all\" hook",
                  "timedOut": false,
                  "duration": 626,
                  "state": null,
                  "speed": null,
                  "pass": false,
                  "fail": false,
                  "pending": false,
                  "context": null,
                  "code": "let endPoint = '/v1/checks'; \nresponseData = await apiHelper.sendPOSTRequest(apiEndPointHelper.baseUrl, endPoint, createCheckPayload);",
                  "err": {},
                  "uuid": "dd38bf8b-c763-47ed-a909-3928bfe0931e",
                  "parentUUID": "c254cee0-9ca6-43ef-be17-cab39d0d4622",
                  "isHook": true,
                  "skipped": false
                }
              ],
              "afterHooks": [],
              "tests": [
                {
                  "title": "Verify that check is successfully created",
                  "fullTitle": "CloudConformity API Test for POST  ...  Create Checks Request Successfully Verify that check is successfully created",
                  "timedOut": false,
                  "duration": 1,
                  "state": "passed",
                  "speed": "fast",
                  "pass": true,
                  "fail": false,
                  "pending": false,
                  "context": null,
                  "code": "while(responseData != null){\n  json1= JSON.parse(responseData.text);\n  expect(responseData.status).to.equal(200);\nbreak;\n         }",
                  "err": {},
                  "uuid": "885ba511-aab5-44f7-8e21-f49c75e001d4",
                  "parentUUID": "c254cee0-9ca6-43ef-be17-cab39d0d4622",
                  "isHook": false,
                  "skipped": false
                },
                {
                  "title": "Verify that Check has correct AccountId",
                  "fullTitle": "CloudConformity API Test for POST  ...  Create Checks Request Successfully Verify that Check has correct AccountId",
                  "timedOut": false,
                  "duration": 1,
                  "state": "passed",
                  "speed": "fast",
                  "pass": true,
                  "fail": false,
                  "pending": false,
                  "context": null,
                  "code": "while(responseData != null){\n  json1= JSON.parse(responseData.text);\n  expect(json1.data[0].id).contains(accountId);\n  break;\n         }",
                  "err": {},
                  "uuid": "acc78718-70c4-476e-a64e-1813a6c75593",
                  "parentUUID": "c254cee0-9ca6-43ef-be17-cab39d0d4622",
                  "isHook": false,
                  "skipped": false
                },
                {
                  "title": "Verify that Check has correct ruleId",
                  "fullTitle": "CloudConformity API Test for POST  ...  Create Checks Request Successfully Verify that Check has correct ruleId",
                  "timedOut": false,
                  "duration": 1,
                  "state": "passed",
                  "speed": "fast",
                  "pass": true,
                  "fail": false,
                  "pending": false,
                  "context": null,
                  "code": "while(responseData != null){\n  json1= JSON.parse(responseData.text);\n  expect(json1.data[0].id).contains(ruleId);\nbreak;\n         }",
                  "err": {},
                  "uuid": "7f61906d-b775-48d5-b362-0cce1bd6988b",
                  "parentUUID": "c254cee0-9ca6-43ef-be17-cab39d0d4622",
                  "isHook": false,
                  "skipped": false
                },
                {
                  "title": "Verify that Check has correct ServiceName",
                  "fullTitle": "CloudConformity API Test for POST  ...  Create Checks Request Successfully Verify that Check has correct ServiceName",
                  "timedOut": false,
                  "duration": 0,
                  "state": "passed",
                  "speed": "fast",
                  "pass": true,
                  "fail": false,
                  "pending": false,
                  "context": null,
                  "code": "while(responseData != null){\n  json1= JSON.parse(responseData.text);\n  expect(json1.data[0].id).contains(service);\nbreak;\n         }",
                  "err": {},
                  "uuid": "33e4c9a4-e2e6-4ee7-a2df-5edd99551862",
                  "parentUUID": "c254cee0-9ca6-43ef-be17-cab39d0d4622",
                  "isHook": false,
                  "skipped": false
                },
                {
                  "title": "Verify that Check has correct Region",
                  "fullTitle": "CloudConformity API Test for POST  ...  Create Checks Request Successfully Verify that Check has correct Region",
                  "timedOut": false,
                  "duration": 0,
                  "state": "passed",
                  "speed": "fast",
                  "pass": true,
                  "fail": false,
                  "pending": false,
                  "context": null,
                  "code": "while(responseData != null){\n  json1= JSON.parse(responseData.text);\n  expect(json1.data[0].id).contains(region);\nbreak;\n         }",
                  "err": {},
                  "uuid": "1e66e15c-0099-418d-8fa4-3a2b4ebca7b5",
                  "parentUUID": "c254cee0-9ca6-43ef-be17-cab39d0d4622",
                  "isHook": false,
                  "skipped": false
                },
                {
                  "title": "Verify that Check has correct resourceId",
                  "fullTitle": "CloudConformity API Test for POST  ...  Create Checks Request Successfully Verify that Check has correct resourceId",
                  "timedOut": false,
                  "duration": 1,
                  "state": "passed",
                  "speed": "fast",
                  "pass": true,
                  "fail": false,
                  "pending": false,
                  "context": null,
                  "code": "while(responseData != null){\n  json1= JSON.parse(responseData.text);\n  expect(json1.data[0].id).contains(resourceId);\nbreak;\n         }",
                  "err": {},
                  "uuid": "6990558e-7519-467c-99e6-88f7c3f39161",
                  "parentUUID": "c254cee0-9ca6-43ef-be17-cab39d0d4622",
                  "isHook": false,
                  "skipped": false
                }
              ],
              "suites": [],
              "passes": [
                "885ba511-aab5-44f7-8e21-f49c75e001d4",
                "acc78718-70c4-476e-a64e-1813a6c75593",
                "7f61906d-b775-48d5-b362-0cce1bd6988b",
                "33e4c9a4-e2e6-4ee7-a2df-5edd99551862",
                "1e66e15c-0099-418d-8fa4-3a2b4ebca7b5",
                "6990558e-7519-467c-99e6-88f7c3f39161"
              ],
              "failures": [],
              "pending": [],
              "skipped": [],
              "duration": 4,
              "root": false,
              "rootEmpty": false,
              "_timeout": 15000
            },
            {
              "uuid": "b30d0959-78c4-46e5-813d-f2bac94e30b4",
              "title": "Negative scenarios",
              "fullFile": "C:\\Development\\cc\\ccnew\\CloudConformityApiTests\\test\\PostChecks.js",
              "file": "\\test\\PostChecks.js",
              "beforeHooks": [],
              "afterHooks": [],
              "tests": [
                {
                  "title": "Optional ResourceId Test",
                  "fullTitle": "CloudConformity API Test for POST  ...  Negative scenarios Optional ResourceId Test",
                  "timedOut": false,
                  "duration": 1083,
                  "state": "passed",
                  "speed": "slow",
                  "pass": true,
                  "fail": false,
                  "pending": false,
                  "context": null,
                  "code": "let accountId = \"oCx-oDsB5\", ruleId = \"CUSTOM-001\", service= \"EC2\", region = \"us-west-2\", resourceId = \"\";\nlet createCheckPayload = testData.buildPostCheckData(accountId, ruleId, service, region, resourceId);\nlet res = supertest(apiEndPointHelper.baseUrl).post(endPoint)\n.set('Content-Type', 'application/vnd.api+json')\n.set('Authorization',testData.apiKey)\n.timeout(10000)\n.send(createCheckPayload)\n.expect(200)\n.end(function (err, res) {\n  expect(res.body.data[0].attributes.resource).contain('');\n  done();\n  });",
                  "err": {},
                  "uuid": "0f4a2bc0-dad4-442c-8217-9d471bf515c7",
                  "parentUUID": "b30d0959-78c4-46e5-813d-f2bac94e30b4",
                  "isHook": false,
                  "skipped": false
                },
                {
                  "title": "Invalid AccountId Tests",
                  "fullTitle": "CloudConformity API Test for POST  ...  Negative scenarios Invalid AccountId Tests",
                  "timedOut": false,
                  "duration": 1,
                  "state": "passed",
                  "speed": "fast",
                  "pass": true,
                  "fail": false,
                  "pending": false,
                  "context": null,
                  "code": "let accountId = \"oCx-oDsB5Test\", ruleId = \"CUSTOM-001\", service= \"EC2\", region = \"us-west-2\", resourceId = \"\";\nlet createCheckPayload = testData.buildPostCheckData(accountId, ruleId, service, region, resourceId);\nlet res = supertest(apiEndPointHelper.baseUrl).post(endPoint)\n.set('Content-Type', 'application/vnd.api+json')\n.set('Authorization',testData.apiKey)\n.timeout(10000)\n.send(createCheckPayload)\n.expect(401)\n done()",
                  "err": {},
                  "uuid": "6d7f0701-79e5-4c87-93e5-e3d9b411d42b",
                  "parentUUID": "b30d0959-78c4-46e5-813d-f2bac94e30b4",
                  "isHook": false,
                  "skipped": false
                },
                {
                  "title": "OverWrite CheckId - with same payload ",
                  "fullTitle": "CloudConformity API Test for POST  ...  Negative scenarios OverWrite CheckId - with same payload ",
                  "timedOut": false,
                  "duration": 1201,
                  "state": "passed",
                  "speed": "slow",
                  "pass": true,
                  "fail": false,
                  "pending": false,
                  "context": null,
                  "code": "let checkid= 'ccc:oCx-oDsB5:CUSTOM-001:EC2:us-west-2:sg-956d00ea';\nlet accountId = \"oCx-oDsB5\", ruleId = \"CUSTOM-001\", service= \"EC2\", region = \"us-west-2\", resourceId = \"sg-956d00ea\";\nlet createCheckPayload = testData.buildPostCheckData(accountId, ruleId, service, region, resourceId);\nlet res = supertest(apiEndPointHelper.baseUrl).post(endPoint)\n.set('Content-Type', 'application/vnd.api+json')\n.set('Authorization',testData.apiKey)\n.timeout(10000)\n.send(createCheckPayload)\n.expect(200)\n.end(function (err, res) {\n  expect(res.body.data[0].id).equal(checkid);\n  done();\n  });",
                  "err": {},
                  "uuid": "7ec98fce-7c67-4894-9ec0-333e8a57ea4f",
                  "parentUUID": "b30d0959-78c4-46e5-813d-f2bac94e30b4",
                  "isHook": false,
                  "skipped": false
                },
                {
                  "title": "OverWrite CheckId - with different payload ",
                  "fullTitle": "CloudConformity API Test for POST  ...  Negative scenarios OverWrite CheckId - with different payload ",
                  "timedOut": false,
                  "duration": 1468,
                  "state": "passed",
                  "speed": "slow",
                  "pass": true,
                  "fail": false,
                  "pending": false,
                  "context": null,
                  "code": "let checkid= 'ccc:oCx-oDsB5:CUSTOM-001:EC2:us-west-2:sg-956d00ea';\nlet accountId = \"oCx-oDsB5\", ruleId = \"CUSTOM-001\", service= \"EC2\", region = \"us-west-2\", resourceId = \"sg-956d00eaTest\";\nlet createCheckPayload = testData.buildPostCheckData(accountId, ruleId, service, region, resourceId);\nlet res = supertest(apiEndPointHelper.baseUrl).post(endPoint)\n.set('Content-Type', 'application/vnd.api+json')\n.set('Authorization',testData.apiKey)\n.timeout(10000)\n.send(createCheckPayload)\n.expect(200)\n.end(function (err, res) {\n  expect(res.body.data[0].id).not.equal(checkid);\n  done();\n  });",
                  "err": {},
                  "uuid": "7822e86a-6c31-4f16-8572-5a0930e085b2",
                  "parentUUID": "b30d0959-78c4-46e5-813d-f2bac94e30b4",
                  "isHook": false,
                  "skipped": false
                }
              ],
              "suites": [],
              "passes": [
                "0f4a2bc0-dad4-442c-8217-9d471bf515c7",
                "6d7f0701-79e5-4c87-93e5-e3d9b411d42b",
                "7ec98fce-7c67-4894-9ec0-333e8a57ea4f",
                "7822e86a-6c31-4f16-8572-5a0930e085b2"
              ],
              "failures": [],
              "pending": [],
              "skipped": [],
              "duration": 3753,
              "root": false,
              "rootEmpty": false,
              "_timeout": 15000
            }
          ],
          "passes": [],
          "failures": [],
          "pending": [],
          "skipped": [],
          "duration": 0,
          "root": false,
          "rootEmpty": false,
          "_timeout": 15000
        },
        {
          "uuid": "8012b5e7-40ec-478e-bae2-f18ff7cf1550",
          "title": "CloudConformity API Test for UPDATE  ... ",
          "fullFile": "C:\\Development\\cc\\ccnew\\CloudConformityApiTests\\test\\UpdateChecks.js",
          "file": "\\test\\UpdateChecks.js",
          "beforeHooks": [],
          "afterHooks": [],
          "tests": [],
          "suites": [
            {
              "uuid": "6787e8a4-28a8-4a85-86ae-af67e81846ee",
              "title": "DELETE Request",
              "fullFile": "C:\\Development\\cc\\ccnew\\CloudConformityApiTests\\test\\UpdateChecks.js",
              "file": "\\test\\UpdateChecks.js",
              "beforeHooks": [
                {
                  "title": "\"before all\" hook",
                  "fullTitle": "CloudConformity API Test for UPDATE  ...  DELETE Request \"before all\" hook",
                  "timedOut": false,
                  "duration": 1923,
                  "state": null,
                  "speed": null,
                  "pass": false,
                  "fail": false,
                  "pending": false,
                  "context": null,
                  "code": "let endPoint = '/v1/checks'; \nresponseData = await apiHelper.sendPOSTRequest(apiEndPointHelper.baseUrl, endPoint, createCheckPayload);     \nexpect(responseData.status).to.equal(200);  \ncheckId= JSON.parse(responseData.text).data[0].id;   \nexpect(responseData.body.data[0].id).to.not.equal(null);  \nexpect(responseData.body.data[0].type).to.not.equal(null); \nexpect(responseData.body.data[0].attributes.region).to.not.equal(null); \nexpect(responseData.body.data[0].attributes.resource).to.not.equal(null);\nexpect(responseData.body.data[0].attributes.status).equals('FAILURE');",
                  "err": {},
                  "uuid": "5b310e24-3621-4ca0-bbb3-43c7b8c51eda",
                  "parentUUID": "6787e8a4-28a8-4a85-86ae-af67e81846ee",
                  "isHook": true,
                  "skipped": false
                }
              ],
              "afterHooks": [],
              "tests": [
                {
                  "title": "Verify that check is successfully updated.",
                  "fullTitle": "CloudConformity API Test for UPDATE  ...  DELETE Request Verify that check is successfully updated.",
                  "timedOut": false,
                  "duration": 1771,
                  "state": "passed",
                  "speed": "slow",
                  "pass": true,
                  "fail": false,
                  "pending": false,
                  "context": null,
                  "code": "// updated the status and confirmed UPDATE response\n          while(responseData != null){\n            let endPoint = '/v1/checks/'+ checkId;\n            responseData=  await apiHelper.sendPATCHRequest(apiEndPointHelper.baseUrl,endPoint, PatchCheckPayload);\n        \n            expect(responseData.body.data.attributes.status).equal('SUCCESS');\n            expect(responseData.status).to.equal(200);\n            break;\n         }",
                  "err": {},
                  "uuid": "9793c706-adb2-4655-ba46-f42df1d76944",
                  "parentUUID": "6787e8a4-28a8-4a85-86ae-af67e81846ee",
                  "isHook": false,
                  "skipped": false
                }
              ],
              "suites": [],
              "passes": [
                "9793c706-adb2-4655-ba46-f42df1d76944"
              ],
              "failures": [],
              "pending": [],
              "skipped": [],
              "duration": 1771,
              "root": false,
              "rootEmpty": false,
              "_timeout": 15000
            }
          ],
          "passes": [],
          "failures": [],
          "pending": [],
          "skipped": [],
          "duration": 0,
          "root": false,
          "rootEmpty": false,
          "_timeout": 15000
        }
      ],
      "passes": [],
      "failures": [],
      "pending": [],
      "skipped": [],
      "duration": 0,
      "root": true,
      "rootEmpty": true,
      "_timeout": 15000
    }
  ],
  "meta": {
    "mocha": {
      "version": "6.1.4"
    },
    "mochawesome": {
      "options": {
        "quiet": false,
        "reportFilename": "mochawesome",
        "saveHtml": true,
        "saveJson": true,
        "useInlineDiffs": false
      },
      "version": "4.0.1"
    },
    "marge": {
      "options": null,
      "version": "4.0.1"
    }
  }
}