{
  "stats": {
    "suites": 10,
    "tests": 15,
    "passes": 15,
    "pending": 0,
    "failures": 0,
    "start": "2019-07-21T09:00:11.442Z",
    "end": "2019-07-21T09:00:22.895Z",
    "duration": 11453,
    "testsRegistered": 15,
    "passPercent": 100,
    "pendingPercent": 0,
    "other": 0,
    "hasOther": false,
    "skipped": 0,
    "hasSkipped": false
  },
  "results": [
    {
      "uuid": "491ff8f6-c690-4a1c-a832-d5ecbcbcaca8",
      "title": "",
      "fullFile": "",
      "file": "",
      "beforeHooks": [],
      "afterHooks": [],
      "tests": [],
      "suites": [
        {
          "uuid": "0301493b-c149-40a7-a65c-c0e3ec1412b0",
          "title": "CloudConformity API Test for DELETE  ... ",
          "fullFile": "C:\\Development\\cc\\CloudConformityApiTests\\test\\DeleteChecks.js",
          "file": "\\test\\DeleteChecks.js",
          "beforeHooks": [],
          "afterHooks": [],
          "tests": [],
          "suites": [
            {
              "uuid": "3a08663c-725d-44f5-b622-0c9451762adf",
              "title": "DELETE Request",
              "fullFile": "C:\\Development\\cc\\CloudConformityApiTests\\test\\DeleteChecks.js",
              "file": "\\test\\DeleteChecks.js",
              "beforeHooks": [
                {
                  "title": "\"before all\" hook",
                  "fullTitle": "CloudConformity API Test for DELETE  ...  DELETE Request \"before all\" hook",
                  "timedOut": false,
                  "duration": 1974,
                  "state": null,
                  "speed": null,
                  "pass": false,
                  "fail": false,
                  "pending": false,
                  "context": null,
                  "code": "let endPoint = '/v1/checks'; \nresponseData = await apiHelper.sendPOSTRequest(apiEndPointHelper.baseUrl, endPoint, createCheckPayload);     \nexpect(responseData.status).to.equal(200);  \ncheckId= JSON.parse(responseData.text).data[0].id;   \nexpect(responseData.body.data[0].id).to.not.equal(null);  \nexpect(responseData.body.data[0].type).to.not.equal(null); \nexpect(responseData.body.data[0].attributes.region).to.not.equal(null); \nexpect(responseData.body.data[0].attributes.resource).to.not.equal(null);",
                  "err": {},
                  "uuid": "03244687-8ea3-4ef0-9b73-7bc17171bc57",
                  "parentUUID": "3a08663c-725d-44f5-b622-0c9451762adf",
                  "isHook": true,
                  "skipped": false
                }
              ],
              "afterHooks": [],
              "tests": [
                {
                  "title": "Verify that check is successfully created for deletion",
                  "fullTitle": "CloudConformity API Test for DELETE  ...  DELETE Request Verify that check is successfully created for deletion",
                  "timedOut": false,
                  "duration": 928,
                  "state": "passed",
                  "speed": "slow",
                  "pass": true,
                  "fail": false,
                  "pending": false,
                  "context": null,
                  "code": "while(responseData != null){\n  let endPoint = '/v1/checks/'+ checkId;\n  let res = await apiHelper.sendDELETERequest(apiEndPointHelper.baseUrl, endPoint);\n  expect(res.status).to.equal(200);\n  expect(res.body.meta[0].message).equals('Check successfully deleted');\n  deleted=true;\nbreak;\n         }",
                  "err": {},
                  "uuid": "12e7e5f9-c137-484c-a1bb-ec279c1ae8af",
                  "parentUUID": "3a08663c-725d-44f5-b622-0c9451762adf",
                  "isHook": false,
                  "skipped": false
                },
                {
                  "title": "Verify that check has been delete successfuly",
                  "fullTitle": "CloudConformity API Test for DELETE  ...  DELETE Request Verify that check has been delete successfuly",
                  "timedOut": false,
                  "duration": 583,
                  "state": "passed",
                  "speed": "slow",
                  "pass": true,
                  "fail": false,
                  "pending": false,
                  "context": null,
                  "code": "while(deleted){\n    let endPoint = '/v1/checks/'+ checkId;\n    responseData=  await apiHelper.sendGETRequest(apiEndPointHelper.baseUrl,endPoint);\n    expect(responseData.status).to.equal(401); // check with CC if valid response code.\n    break;\n    }",
                  "err": {},
                  "uuid": "5e0a67c0-e436-4f04-b87d-c8d3d5ea9a43",
                  "parentUUID": "3a08663c-725d-44f5-b622-0c9451762adf",
                  "isHook": false,
                  "skipped": false
                }
              ],
              "suites": [],
              "passes": [
                "12e7e5f9-c137-484c-a1bb-ec279c1ae8af",
                "5e0a67c0-e436-4f04-b87d-c8d3d5ea9a43"
              ],
              "failures": [],
              "pending": [],
              "skipped": [],
              "duration": 1511,
              "root": false,
              "rootEmpty": false,
              "_timeout": 15000
            }
          ],
          "passes": [],
          "failures": [],
          "pending": [],
          "skipped": [],
          "duration": 0,
          "root": false,
          "rootEmpty": false,
          "_timeout": 15000
        },
        {
          "uuid": "400622fc-e983-45c3-af97-ce4414b75c9d",
          "title": "CloudConformity API Test for GET  ... ",
          "fullFile": "C:\\Development\\cc\\CloudConformityApiTests\\test\\GetChecksList.js",
          "file": "\\test\\GetChecksList.js",
          "beforeHooks": [],
          "afterHooks": [],
          "tests": [],
          "suites": [
            {
              "uuid": "7a70ff72-c02b-413c-a838-35d88e621d9c",
              "title": "Get multiple checks ..",
              "fullFile": "C:\\Development\\cc\\CloudConformityApiTests\\test\\GetChecksList.js",
              "file": "\\test\\GetChecksList.js",
              "beforeHooks": [],
              "afterHooks": [],
              "tests": [
                {
                  "title": "User gets list of all checks",
                  "fullTitle": "CloudConformity API Test for GET  ...  Get multiple checks .. User gets list of all checks",
                  "timedOut": false,
                  "duration": 886,
                  "state": "passed",
                  "speed": "slow",
                  "pass": true,
                  "fail": false,
                  "pending": false,
                  "context": null,
                  "code": "let endPoint = '/v1/checks?page\\[size\\]='+testData.pageSize+ '&page\\[number\\]='+testData.pageNumber+ '&accountIds='+testData.accountIds+ '';\n\nlet responseData=  await apiHelper.sendGETRequest(apiEndPointHelper.baseUrl,endPoint);\nexpect(responseData.status).to.equal(200);\nexpect(responseData.body.data.length).greaterThan(1);",
                  "err": {},
                  "uuid": "3ddf5881-177b-4982-9a4f-f4b18787cdd9",
                  "parentUUID": "7a70ff72-c02b-413c-a838-35d88e621d9c",
                  "isHook": false,
                  "skipped": false
                }
              ],
              "suites": [],
              "passes": [
                "3ddf5881-177b-4982-9a4f-f4b18787cdd9"
              ],
              "failures": [],
              "pending": [],
              "skipped": [],
              "duration": 886,
              "root": false,
              "rootEmpty": false,
              "_timeout": 15000
            },
            {
              "uuid": "f2603869-5ffc-409e-8094-617697f1b95e",
              "title": "Get single check ..",
              "fullFile": "C:\\Development\\cc\\CloudConformityApiTests\\test\\GetChecksList.js",
              "file": "\\test\\GetChecksList.js",
              "beforeHooks": [],
              "afterHooks": [],
              "tests": [
                {
                  "title": "User gets list of all checks",
                  "fullTitle": "CloudConformity API Test for GET  ...  Get single check .. User gets list of all checks",
                  "timedOut": false,
                  "duration": 539,
                  "state": "passed",
                  "speed": "slow",
                  "pass": true,
                  "fail": false,
                  "pending": false,
                  "context": null,
                  "code": "let endPoint = '/v1/checks/'+ 'ccc:oCx-oDsB5:CUSTOM-001:EC2:us-west-2:sg-956d00ea';\nlet responseData=  await apiHelper.sendGETRequest(apiEndPointHelper.baseUrl,endPoint);\nexpect(responseData.status).to.equal(200);   \nexpect(responseData.body.data.id).to.not.equal(null);  \nexpect(responseData.body.data.type).to.not.equal(null); \nexpect(responseData.body.data.attributes.region).to.not.equal(null); \nexpect(responseData.body.data.attributes.resource).to.not.equal(null);",
                  "err": {},
                  "uuid": "39b2496f-5874-4bb4-b527-2e5ad67763e7",
                  "parentUUID": "f2603869-5ffc-409e-8094-617697f1b95e",
                  "isHook": false,
                  "skipped": false
                }
              ],
              "suites": [],
              "passes": [
                "39b2496f-5874-4bb4-b527-2e5ad67763e7"
              ],
              "failures": [],
              "pending": [],
              "skipped": [],
              "duration": 539,
              "root": false,
              "rootEmpty": false,
              "_timeout": 15000
            }
          ],
          "passes": [],
          "failures": [],
          "pending": [],
          "skipped": [],
          "duration": 0,
          "root": false,
          "rootEmpty": false,
          "_timeout": 15000
        },
        {
          "uuid": "83878530-9755-403f-9d2d-2b7543a90a43",
          "title": "CloudConformity API Test for POST  ... ",
          "fullFile": "C:\\Development\\cc\\CloudConformityApiTests\\test\\PostChecks.js",
          "file": "\\test\\PostChecks.js",
          "beforeHooks": [],
          "afterHooks": [],
          "tests": [],
          "suites": [
            {
              "uuid": "d2ea6446-430e-4ec2-bb79-b43d8fba0e4c",
              "title": "Create Checks Request Successfully",
              "fullFile": "C:\\Development\\cc\\CloudConformityApiTests\\test\\PostChecks.js",
              "file": "\\test\\PostChecks.js",
              "beforeHooks": [
                {
                  "title": "\"before all\" hook",
                  "fullTitle": "CloudConformity API Test for POST  ...  Create Checks Request Successfully \"before all\" hook",
                  "timedOut": false,
                  "duration": 1241,
                  "state": null,
                  "speed": null,
                  "pass": false,
                  "fail": false,
                  "pending": false,
                  "context": null,
                  "code": "let endPoint = '/v1/checks'; \nresponseData = await apiHelper.sendPOSTRequest(apiEndPointHelper.baseUrl, endPoint, createCheckPayload);",
                  "err": {},
                  "uuid": "43fdd929-c08c-4484-b8b6-d07e3906801c",
                  "parentUUID": "d2ea6446-430e-4ec2-bb79-b43d8fba0e4c",
                  "isHook": true,
                  "skipped": false
                }
              ],
              "afterHooks": [],
              "tests": [
                {
                  "title": "Verify that check is successfully created",
                  "fullTitle": "CloudConformity API Test for POST  ...  Create Checks Request Successfully Verify that check is successfully created",
                  "timedOut": false,
                  "duration": 1,
                  "state": "passed",
                  "speed": "fast",
                  "pass": true,
                  "fail": false,
                  "pending": false,
                  "context": null,
                  "code": "while(responseData != null){\n  json1= JSON.parse(responseData.text);\n  expect(responseData.status).to.equal(200);\nbreak;\n         }",
                  "err": {},
                  "uuid": "8454864e-dc6b-4761-b6ad-8a83b9cdeb27",
                  "parentUUID": "d2ea6446-430e-4ec2-bb79-b43d8fba0e4c",
                  "isHook": false,
                  "skipped": false
                },
                {
                  "title": "Verify that Check has correct AccountId",
                  "fullTitle": "CloudConformity API Test for POST  ...  Create Checks Request Successfully Verify that Check has correct AccountId",
                  "timedOut": false,
                  "duration": 2,
                  "state": "passed",
                  "speed": "fast",
                  "pass": true,
                  "fail": false,
                  "pending": false,
                  "context": null,
                  "code": "while(responseData != null){\n  json1= JSON.parse(responseData.text);\n  expect(json1.data[0].id).contains(accountId);\n  break;\n         }",
                  "err": {},
                  "uuid": "c0ca0d42-bdf5-4d9e-a0d8-d583189a444a",
                  "parentUUID": "d2ea6446-430e-4ec2-bb79-b43d8fba0e4c",
                  "isHook": false,
                  "skipped": false
                },
                {
                  "title": "Verify that Check has correct ruleId",
                  "fullTitle": "CloudConformity API Test for POST  ...  Create Checks Request Successfully Verify that Check has correct ruleId",
                  "timedOut": false,
                  "duration": 0,
                  "state": "passed",
                  "speed": "fast",
                  "pass": true,
                  "fail": false,
                  "pending": false,
                  "context": null,
                  "code": "while(responseData != null){\n  json1= JSON.parse(responseData.text);\n  expect(json1.data[0].id).contains(ruleId);\nbreak;\n         }",
                  "err": {},
                  "uuid": "6f5a0d4d-39b3-4fe5-ba4e-73c180f74c1e",
                  "parentUUID": "d2ea6446-430e-4ec2-bb79-b43d8fba0e4c",
                  "isHook": false,
                  "skipped": false
                },
                {
                  "title": "Verify that Check has correct ServiceName",
                  "fullTitle": "CloudConformity API Test for POST  ...  Create Checks Request Successfully Verify that Check has correct ServiceName",
                  "timedOut": false,
                  "duration": 0,
                  "state": "passed",
                  "speed": "fast",
                  "pass": true,
                  "fail": false,
                  "pending": false,
                  "context": null,
                  "code": "while(responseData != null){\n  json1= JSON.parse(responseData.text);\n  expect(json1.data[0].id).contains(service);\nbreak;\n         }",
                  "err": {},
                  "uuid": "da0aef32-6b2b-402b-9853-068933f2e861",
                  "parentUUID": "d2ea6446-430e-4ec2-bb79-b43d8fba0e4c",
                  "isHook": false,
                  "skipped": false
                },
                {
                  "title": "Verify that Check has correct Region",
                  "fullTitle": "CloudConformity API Test for POST  ...  Create Checks Request Successfully Verify that Check has correct Region",
                  "timedOut": false,
                  "duration": 0,
                  "state": "passed",
                  "speed": "fast",
                  "pass": true,
                  "fail": false,
                  "pending": false,
                  "context": null,
                  "code": "while(responseData != null){\n  json1= JSON.parse(responseData.text);\n  expect(json1.data[0].id).contains(region);\nbreak;\n         }",
                  "err": {},
                  "uuid": "10004523-3199-4c58-a365-5d0fc9171d9a",
                  "parentUUID": "d2ea6446-430e-4ec2-bb79-b43d8fba0e4c",
                  "isHook": false,
                  "skipped": false
                },
                {
                  "title": "Verify that Check has correct resourceId",
                  "fullTitle": "CloudConformity API Test for POST  ...  Create Checks Request Successfully Verify that Check has correct resourceId",
                  "timedOut": false,
                  "duration": 0,
                  "state": "passed",
                  "speed": "fast",
                  "pass": true,
                  "fail": false,
                  "pending": false,
                  "context": null,
                  "code": "while(responseData != null){\n  json1= JSON.parse(responseData.text);\n  expect(json1.data[0].id).contains(resourceId);\nbreak;\n         }",
                  "err": {},
                  "uuid": "9ac6ac7a-d9c5-4183-93e1-83bfbfdbbb24",
                  "parentUUID": "d2ea6446-430e-4ec2-bb79-b43d8fba0e4c",
                  "isHook": false,
                  "skipped": false
                }
              ],
              "suites": [],
              "passes": [
                "8454864e-dc6b-4761-b6ad-8a83b9cdeb27",
                "c0ca0d42-bdf5-4d9e-a0d8-d583189a444a",
                "6f5a0d4d-39b3-4fe5-ba4e-73c180f74c1e",
                "da0aef32-6b2b-402b-9853-068933f2e861",
                "10004523-3199-4c58-a365-5d0fc9171d9a",
                "9ac6ac7a-d9c5-4183-93e1-83bfbfdbbb24"
              ],
              "failures": [],
              "pending": [],
              "skipped": [],
              "duration": 3,
              "root": false,
              "rootEmpty": false,
              "_timeout": 15000
            },
            {
              "uuid": "a4d265e1-42ec-449f-beba-39c92ea6bfe0",
              "title": "Negative scenarios",
              "fullFile": "C:\\Development\\cc\\CloudConformityApiTests\\test\\PostChecks.js",
              "file": "\\test\\PostChecks.js",
              "beforeHooks": [],
              "afterHooks": [],
              "tests": [
                {
                  "title": "Optional ResourceId Test",
                  "fullTitle": "CloudConformity API Test for POST  ...  Negative scenarios Optional ResourceId Test",
                  "timedOut": false,
                  "duration": 1031,
                  "state": "passed",
                  "speed": "slow",
                  "pass": true,
                  "fail": false,
                  "pending": false,
                  "context": null,
                  "code": "let accountId = \"oCx-oDsB5\", ruleId = \"CUSTOM-001\", service= \"EC2\", region = \"us-west-2\", resourceId = \"\";\nlet createCheckPayload = testData.buildPostCheckData(accountId, ruleId, service, region, resourceId);\nlet res = supertest(apiEndPointHelper.baseUrl).post(endPoint)\n.set('Content-Type', 'application/vnd.api+json')\n.set('Authorization',testData.apiKey)\n.timeout(10000)\n.send(createCheckPayload)\n.expect(200)\n.end(function (err, res) {\n  expect(res.body.data[0].attributes.resource).contain('');\n  done();\n  });",
                  "err": {},
                  "uuid": "57e4b677-3ce0-4c84-b063-78caa20b0129",
                  "parentUUID": "a4d265e1-42ec-449f-beba-39c92ea6bfe0",
                  "isHook": false,
                  "skipped": false
                },
                {
                  "title": "Invalid AccountId Tests",
                  "fullTitle": "CloudConformity API Test for POST  ...  Negative scenarios Invalid AccountId Tests",
                  "timedOut": false,
                  "duration": 1,
                  "state": "passed",
                  "speed": "fast",
                  "pass": true,
                  "fail": false,
                  "pending": false,
                  "context": null,
                  "code": "let accountId = \"oCx-oDsB5Test\", ruleId = \"CUSTOM-001\", service= \"EC2\", region = \"us-west-2\", resourceId = \"\";\nlet createCheckPayload = testData.buildPostCheckData(accountId, ruleId, service, region, resourceId);\nlet res = supertest(apiEndPointHelper.baseUrl).post(endPoint)\n.set('Content-Type', 'application/vnd.api+json')\n.set('Authorization',testData.apiKey)\n.timeout(10000)\n.send(createCheckPayload)\n.expect(401)\n done()",
                  "err": {},
                  "uuid": "c3b82b55-9a67-4ce3-8b69-a424293da91a",
                  "parentUUID": "a4d265e1-42ec-449f-beba-39c92ea6bfe0",
                  "isHook": false,
                  "skipped": false
                },
                {
                  "title": "OverWrite CheckId - with same payload ",
                  "fullTitle": "CloudConformity API Test for POST  ...  Negative scenarios OverWrite CheckId - with same payload ",
                  "timedOut": false,
                  "duration": 1002,
                  "state": "passed",
                  "speed": "slow",
                  "pass": true,
                  "fail": false,
                  "pending": false,
                  "context": null,
                  "code": "let checkid= 'ccc:oCx-oDsB5:CUSTOM-001:EC2:us-west-2:sg-956d00ea';\nlet accountId = \"oCx-oDsB5\", ruleId = \"CUSTOM-001\", service= \"EC2\", region = \"us-west-2\", resourceId = \"sg-956d00ea\";\nlet createCheckPayload = testData.buildPostCheckData(accountId, ruleId, service, region, resourceId);\nlet res = supertest(apiEndPointHelper.baseUrl).post(endPoint)\n.set('Content-Type', 'application/vnd.api+json')\n.set('Authorization',testData.apiKey)\n.timeout(10000)\n.send(createCheckPayload)\n.expect(200)\n.end(function (err, res) {\n  expect(res.body.data[0].id).equal(checkid);\n  done();\n  });",
                  "err": {},
                  "uuid": "e5a58f78-56b6-4f49-bf0d-9e6e014d13d3",
                  "parentUUID": "a4d265e1-42ec-449f-beba-39c92ea6bfe0",
                  "isHook": false,
                  "skipped": false
                },
                {
                  "title": "OverWrite CheckId - with different payload ",
                  "fullTitle": "CloudConformity API Test for POST  ...  Negative scenarios OverWrite CheckId - with different payload ",
                  "timedOut": false,
                  "duration": 1635,
                  "state": "passed",
                  "speed": "slow",
                  "pass": true,
                  "fail": false,
                  "pending": false,
                  "context": null,
                  "code": "let checkid= 'ccc:oCx-oDsB5:CUSTOM-001:EC2:us-west-2:sg-956d00ea';\nlet accountId = \"oCx-oDsB5\", ruleId = \"CUSTOM-001\", service= \"EC2\", region = \"us-west-2\", resourceId = \"sg-956d00eaTest\";\nlet createCheckPayload = testData.buildPostCheckData(accountId, ruleId, service, region, resourceId);\nlet res = supertest(apiEndPointHelper.baseUrl).post(endPoint)\n.set('Content-Type', 'application/vnd.api+json')\n.set('Authorization',testData.apiKey)\n.timeout(10000)\n.send(createCheckPayload)\n.expect(200)\n.end(function (err, res) {\n  expect(res.body.data[0].id).not.equal(checkid);\n  done();\n  });",
                  "err": {},
                  "uuid": "8216105b-09fe-4b84-bdbe-a58677309b9c",
                  "parentUUID": "a4d265e1-42ec-449f-beba-39c92ea6bfe0",
                  "isHook": false,
                  "skipped": false
                }
              ],
              "suites": [],
              "passes": [
                "57e4b677-3ce0-4c84-b063-78caa20b0129",
                "c3b82b55-9a67-4ce3-8b69-a424293da91a",
                "e5a58f78-56b6-4f49-bf0d-9e6e014d13d3",
                "8216105b-09fe-4b84-bdbe-a58677309b9c"
              ],
              "failures": [],
              "pending": [],
              "skipped": [],
              "duration": 3669,
              "root": false,
              "rootEmpty": false,
              "_timeout": 15000
            }
          ],
          "passes": [],
          "failures": [],
          "pending": [],
          "skipped": [],
          "duration": 0,
          "root": false,
          "rootEmpty": false,
          "_timeout": 15000
        },
        {
          "uuid": "59a42e68-44b1-49e6-8579-f14e4b7d1b20",
          "title": "CloudConformity API Test for UPDATE  ... ",
          "fullFile": "C:\\Development\\cc\\CloudConformityApiTests\\test\\UpdateChecks.js",
          "file": "\\test\\UpdateChecks.js",
          "beforeHooks": [],
          "afterHooks": [],
          "tests": [],
          "suites": [
            {
              "uuid": "4f878ac1-6649-4d6b-aae2-e6c514662422",
              "title": "DELETE Request",
              "fullFile": "C:\\Development\\cc\\CloudConformityApiTests\\test\\UpdateChecks.js",
              "file": "\\test\\UpdateChecks.js",
              "beforeHooks": [
                {
                  "title": "\"before all\" hook",
                  "fullTitle": "CloudConformity API Test for UPDATE  ...  DELETE Request \"before all\" hook",
                  "timedOut": false,
                  "duration": 512,
                  "state": null,
                  "speed": null,
                  "pass": false,
                  "fail": false,
                  "pending": false,
                  "context": null,
                  "code": "let endPoint = '/v1/checks'; \nresponseData = await apiHelper.sendPOSTRequest(apiEndPointHelper.baseUrl, endPoint, createCheckPayload);     \nexpect(responseData.status).to.equal(200);  \ncheckId= JSON.parse(responseData.text).data[0].id;   \nexpect(responseData.body.data[0].id).to.not.equal(null);  \nexpect(responseData.body.data[0].type).to.not.equal(null); \nexpect(responseData.body.data[0].attributes.region).to.not.equal(null); \nexpect(responseData.body.data[0].attributes.resource).to.not.equal(null);\nexpect(responseData.body.data[0].attributes.status).equals('FAILURE');",
                  "err": {},
                  "uuid": "321e2555-1a5c-43a7-97a3-90b8ad89cd13",
                  "parentUUID": "4f878ac1-6649-4d6b-aae2-e6c514662422",
                  "isHook": true,
                  "skipped": false
                }
              ],
              "afterHooks": [],
              "tests": [
                {
                  "title": "Verify that check is successfully updated.",
                  "fullTitle": "CloudConformity API Test for UPDATE  ...  DELETE Request Verify that check is successfully updated.",
                  "timedOut": false,
                  "duration": 1088,
                  "state": "passed",
                  "speed": "slow",
                  "pass": true,
                  "fail": false,
                  "pending": false,
                  "context": null,
                  "code": "// updated the status and confirmed UPDATE response\n          while(responseData != null){\n            let endPoint = '/v1/checks/'+ checkId;\n            responseData=  await apiHelper.sendPATCHRequest(apiEndPointHelper.baseUrl,endPoint, PatchCheckPayload);\n        \n            expect(responseData.body.data.attributes.status).equal('SUCCESS');\n            expect(responseData.status).to.equal(200);\n            break;\n         }",
                  "err": {},
                  "uuid": "27ead483-fc73-4dc2-bdcf-106af7195bd8",
                  "parentUUID": "4f878ac1-6649-4d6b-aae2-e6c514662422",
                  "isHook": false,
                  "skipped": false
                }
              ],
              "suites": [],
              "passes": [
                "27ead483-fc73-4dc2-bdcf-106af7195bd8"
              ],
              "failures": [],
              "pending": [],
              "skipped": [],
              "duration": 1088,
              "root": false,
              "rootEmpty": false,
              "_timeout": 15000
            }
          ],
          "passes": [],
          "failures": [],
          "pending": [],
          "skipped": [],
          "duration": 0,
          "root": false,
          "rootEmpty": false,
          "_timeout": 15000
        }
      ],
      "passes": [],
      "failures": [],
      "pending": [],
      "skipped": [],
      "duration": 0,
      "root": true,
      "rootEmpty": true,
      "_timeout": 15000
    }
  ],
  "meta": {
    "mocha": {
      "version": "6.1.4"
    },
    "mochawesome": {
      "options": {
        "quiet": false,
        "reportFilename": "mochawesome",
        "saveHtml": true,
        "saveJson": true,
        "useInlineDiffs": false
      },
      "version": "4.0.1"
    },
    "marge": {
      "options": null,
      "version": "4.0.1"
    }
  }
}